<?xml version="1.0" encoding="UTF-8"?>
<testsuite xmlns:xsi="http://www.w3.org/2001/XMLSchema-instance" xsi:noNamespaceSchemaLocation="https://maven.apache.org/surefire/maven-surefire-plugin/xsd/surefire-test-report.xsd" name="teste.CalculadoraTest" time="0.01" tests="3" errors="0" skipped="0" failures="0">
  <properties>
[...]
</properties>
  <testcase name="testNomes" classname="teste.CalculadoraTest" time="0.007"/>
  <testcase name="testSomar" classname="teste.CalculadoraTest" time="0"/>
  <testcase name="testDivisao" classname="teste.CalculadoraTest" time="0.001"/>
</testsuite>